<?xml version="1.0" encoding="UTF-8"?>
<!-- Generated by org.testng.reporters.JUnitReportReporter -->
<testsuite hostname="L-INE-D7NSYZ2" failures="0" tests="2" name="com.runner.runner$CucumberRunnerTests" time="22.237" errors="0" timestamp="2023-09-27T15:42:03 IST" skipped="0">
  <testcase classname="com.runner.runner$CucumberRunnerTests" name="runScenario" time="12.916"/>
  <testcase classname="com.runner.runner$CucumberRunnerTests" name="runScenario" time="9.321"/>
</testsuite> <!-- com.runner.runner$CucumberRunnerTests -->
